0 info it worked if it ends with ok
1 verbose cli [ '/usr/bin/nodejs', '/usr/bin/npm', 'install', '-g' ]
2 info using npm@3.5.2
3 info using node@v4.2.6
4 silly loadCurrentTree Starting
5 silly install loadCurrentTree
6 silly install readGlobalPackageData
7 silly fetchPackageMetaData .
8 silly fetchDirectoryPackageData .
9 silly fetchPackageMetaData Error: Invalid name: "BioModelos mongoDB API"
9 silly fetchPackageMetaData     at ensureValidName (/usr/share/npm/node_modules/normalize-package-data/lib/fixer.js:336:15)
9 silly fetchPackageMetaData     at Object.module.exports.fixNameField (/usr/share/npm/node_modules/normalize-package-data/lib/fixer.js:215:5)
9 silly fetchPackageMetaData     at /usr/share/npm/node_modules/normalize-package-data/lib/normalize.js:32:38
9 silly fetchPackageMetaData     at Array.forEach (native)
9 silly fetchPackageMetaData     at normalize (/usr/share/npm/node_modules/normalize-package-data/lib/normalize.js:31:15)
9 silly fetchPackageMetaData     at final (/usr/share/npm/node_modules/read-package-json/read-json.js:338:5)
9 silly fetchPackageMetaData     at then (/usr/share/npm/node_modules/read-package-json/read-json.js:113:5)
9 silly fetchPackageMetaData     at /usr/share/npm/node_modules/read-package-json/read-json.js:300:12
9 silly fetchPackageMetaData     at /usr/share/npm/node_modules/graceful-fs/graceful-fs.js:76:16
9 silly fetchPackageMetaData     at FSReqWrap.readFileAfterClose [as oncomplete] (fs.js:380:3)
9 silly fetchPackageMetaData  error for . [Error: Invalid name: "BioModelos mongoDB API"]
10 silly rollbackFailedOptional Starting
11 silly rollbackFailedOptional Finishing
12 silly runTopLevelLifecycles Starting
13 silly runTopLevelLifecycles Finishing
14 silly install printInstalled
15 verbose stack Error: Invalid name: "BioModelos mongoDB API"
15 verbose stack     at ensureValidName (/usr/share/npm/node_modules/normalize-package-data/lib/fixer.js:336:15)
15 verbose stack     at Object.module.exports.fixNameField (/usr/share/npm/node_modules/normalize-package-data/lib/fixer.js:215:5)
15 verbose stack     at /usr/share/npm/node_modules/normalize-package-data/lib/normalize.js:32:38
15 verbose stack     at Array.forEach (native)
15 verbose stack     at normalize (/usr/share/npm/node_modules/normalize-package-data/lib/normalize.js:31:15)
15 verbose stack     at final (/usr/share/npm/node_modules/read-package-json/read-json.js:338:5)
15 verbose stack     at then (/usr/share/npm/node_modules/read-package-json/read-json.js:113:5)
15 verbose stack     at /usr/share/npm/node_modules/read-package-json/read-json.js:300:12
15 verbose stack     at /usr/share/npm/node_modules/graceful-fs/graceful-fs.js:76:16
15 verbose stack     at FSReqWrap.readFileAfterClose [as oncomplete] (fs.js:380:3)
16 verbose cwd /home/ricardo/Documents/gitWebServices/biomodelos_db_api
17 error Linux 4.4.0-64-generic
18 error argv "/usr/bin/nodejs" "/usr/bin/npm" "install" "-g"
19 error node v4.2.6
20 error npm  v3.5.2
21 error Invalid name: "BioModelos mongoDB API"
22 error If you need help, you may report this error at:
22 error     <https://github.com/npm/npm/issues>
23 verbose exit [ 1, true ]
